<?xml version="1.0" encoding="UTF-8"?>
<!-- Generated by org.testng.reporters.JUnitXMLReporter -->
<testsuite hostname="DESKTOP-8IGUF9C" ignored="0" name="Default test" tests="3" failures="0" timestamp="2021-09-06T13:02:56 COT" time="0.1" errors="0">
  <testcase name="pruebaCinco" time="0.013" classname="anotacionestestng.SegundoSet"/>
  <testcase name="pruebaTres" time="0.003" classname="anotacionestestng.SegundoSet"/>
  <testcase name="pruebaCuatro" time="0.001" classname="anotacionestestng.SegundoSet"/>
</testsuite> <!-- Default test -->
