<?xml version="1.0" encoding="UTF-8"?>
<!-- Generated by org.testng.reporters.JUnitXMLReporter -->
<testsuite hostname="DESKTOP-8IGUF9C" ignored="0" name="Casos de Prueba Anotaciones" tests="10" failures="1" timestamp="2021-09-06T17:05:52 COT" time="0.137" errors="0">
  <testcase name="pruebaUno" time="0.008" classname="anotacionestestng.AnotacionesBasicas"/>
  <testcase name="pruebaDos" time="0.001" classname="anotacionestestng.AnotacionesBasicas"/>
  <testcase name="clicAlCarrito" time="0.002" classname="anotacionestestng.SegundoSet"/>
  <testcase name="clicAlCarrito" time="0.006" classname="anotacionestestng.SegundoSet"/>
  <testcase name="clicAlCarrito" time="0.004" classname="anotacionestestng.SegundoSet"/>
  <testcase name="clicAlHomePage" time="0.002" classname="anotacionestestng.SegundoSet"/>
  <testcase name="clicAlUsuario" time="0.003" classname="anotacionestestng.SegundoSet"/>
  <testcase name="pruebaCinco" time="0.006" classname="anotacionestestng.SegundoSet">
    <failure type="java.lang.AssertionError" message="expected [true] but found [false]">
      <![CDATA[java.lang.AssertionError: expected [true] but found [false]
at anotacionestestng.SegundoSet.pruebaCinco(SegundoSet.java:21)
at java.util.ArrayList.forEach(Unknown Source)
... Removed 31 stack frames]]>
    </failure>
  </testcase> <!-- pruebaCinco -->
  <testcase name="pruebaTres" time="0.003" classname="anotacionestestng.SegundoSet"/>
  <testcase name="pruebaCuatro" time="0.002" classname="anotacionestestng.SegundoSet"/>
</testsuite> <!-- Casos de Prueba Anotaciones -->
